# JRE version: Java(TM) SE Runtime Environment (17.0.11+7) (build 17.0.11+7-LTS-207)
# Java VM: Java HotSpot(TM) 64-Bit Server VM (17.0.11+7-LTS-207, mixed mode, sharing, tiered, compressed oops, compressed class ptrs, g1 gc, windows-amd64)
GC Precious Log:
 CPUs: 8 total, 8 available
 Memory: 6090M
 Large Page Support: Disabled
 NUMA Support: Disabled
 Compressed Oops: Enabled (32-bit)
 Heap Region Size: 1M
 Heap Min Capacity: 256M
 Heap Initial Capacity: 256M
 Heap Max Capacity: 512M
 Pre-touch: Disabled
 Parallel Workers: 8
 Concurrent Workers: 2
 Concurrent Refinement Workers: 8
 Periodic GC: Disabled
Heap:
 garbage-first heap   total 275456K, used 156035K [0x00000000e0000000, 0x0000000100000000)
  region size 1024K, 17 young (17408K), 5 survivors (5120K)
 Metaspace       used 84765K, committed 85568K, reserved 458752K
  class space    used 11252K, committed 11648K, reserved 327680K
GC Heap History (20 events):
Event: 24.658 GC heap before
{Heap before GC invocations=14 (full 0):
 garbage-first heap   total 262144K, used 205821K [0x00000000e0000000, 0x0000000100000000)
  region size 1024K, 153 young (156672K), 4 survivors (4096K)
 Metaspace       used 65074K, committed 65792K, reserved 393216K
  class space    used 9063K, committed 9408K, reserved 327680K
}
Event: 24.677 GC heap after
{Heap after GC invocations=15 (full 0):
 garbage-first heap   total 262144K, used 66699K [0x00000000e0000000, 0x0000000100000000)
  region size 1024K, 17 young (17408K), 17 survivors (17408K)
 Metaspace       used 65074K, committed 65792K, reserved 393216K
  class space    used 9063K, committed 9408K, reserved 327680K
}
Event: 29.625 GC heap before
{Heap before GC invocations=15 (full 0):
 garbage-first heap   total 262144K, used 205963K [0x00000000e0000000, 0x0000000100000000)
  region size 1024K, 153 young (156672K), 17 survivors (17408K)
 Metaspace       used 69696K, committed 70400K, reserved 393216K
  class space    used 9558K, committed 9920K, reserved 327680K
}
Event: 29.655 GC heap after
{Heap after GC invocations=16 (full 0):
 garbage-first heap   total 262144K, used 81767K [0x00000000e0000000, 0x0000000100000000)
  region size 1024K, 15 young (15360K), 15 survivors (15360K)
 Metaspace       used 69696K, committed 70400K, reserved 393216K
  class space    used 9558K, committed 9920K, reserved 327680K
}
Event: 33.850 GC heap before
{Heap before GC invocations=16 (full 0):
 garbage-first heap   total 262144K, used 208743K [0x00000000e0000000, 0x0000000100000000)
  region size 1024K, 139 young (142336K), 15 survivors (15360K)
 Metaspace       used 71893K, committed 72640K, reserved 393216K
  class space    used 9828K, committed 10176K, reserved 327680K
}
Event: 33.862 GC heap after
{Heap after GC invocations=17 (full 0):
 garbage-first heap   total 262144K, used 82229K [0x00000000e0000000, 0x0000000100000000)
  region size 1024K, 4 young (4096K), 4 survivors (4096K)
 Metaspace       used 71893K, committed 72640K, reserved 393216K
  class space    used 9828K, committed 10176K, reserved 327680K
}
Event: 38.223 GC heap before
{Heap before GC invocations=17 (full 0):
 garbage-first heap   total 262144K, used 212277K [0x00000000e0000000, 0x0000000100000000)
  region size 1024K, 130 young (133120K), 4 survivors (4096K)
 Metaspace       used 80420K, committed 81216K, reserved 458752K
  class space    used 10890K, committed 11264K, reserved 327680K
}
Event: 38.264 GC heap after
{Heap after GC invocations=18 (full 0):
 garbage-first heap   total 262144K, used 116267K [0x00000000e0000000, 0x0000000100000000)
  region size 1024K, 17 young (17408K), 17 survivors (17408K)
 Metaspace       used 80420K, committed 81216K, reserved 458752K
  class space    used 10890K, committed 11264K, reserved 327680K
}
Event: 41.207 GC heap before
{Heap before GC invocations=18 (full 0):
 garbage-first heap   total 262144K, used 197163K [0x00000000e0000000, 0x0000000100000000)
  region size 1024K, 96 young (98304K), 17 survivors (17408K)
 Metaspace       used 83545K, committed 84288K, reserved 458752K
  class space    used 11172K, committed 11520K, reserved 327680K
}
Event: 41.231 GC heap after
{Heap after GC invocations=19 (full 0):
 garbage-first heap   total 262144K, used 126976K [0x00000000e0000000, 0x0000000100000000)
  region size 1024K, 9 young (9216K), 9 survivors (9216K)
 Metaspace       used 83545K, committed 84288K, reserved 458752K
  class space    used 11172K, committed 11520K, reserved 327680K
}
Event: 43.090 GC heap before
{Heap before GC invocations=19 (full 0):
 garbage-first heap   total 262144K, used 202752K [0x00000000e0000000, 0x0000000100000000)
  region size 1024K, 84 young (86016K), 9 survivors (9216K)
 Metaspace       used 84422K, committed 85184K, reserved 458752K
  class space    used 11234K, committed 11584K, reserved 327680K
}
Event: 43.109 GC heap after
{Heap after GC invocations=20 (full 0):
 garbage-first heap   total 262144K, used 132896K [0x00000000e0000000, 0x0000000100000000)
  region size 1024K, 7 young (7168K), 7 survivors (7168K)
 Metaspace       used 84422K, committed 85184K, reserved 458752K
  class space    used 11234K, committed 11584K, reserved 327680K
}
Event: 43.587 GC heap before
{Heap before GC invocations=20 (full 0):
 garbage-first heap   total 262144K, used 205600K [0x00000000e0000000, 0x0000000100000000)
  region size 1024K, 79 young (80896K), 7 survivors (7168K)
 Metaspace       used 84628K, committed 85376K, reserved 458752K
  class space    used 11263K, committed 11584K, reserved 327680K
}
Event: 43.612 GC heap after
{Heap after GC invocations=21 (full 0):
 garbage-first heap   total 262144K, used 145891K [0x00000000e0000000, 0x0000000100000000)
  region size 1024K, 10 young (10240K), 10 survivors (10240K)
 Metaspace       used 84628K, committed 85376K, reserved 458752K
  class space    used 11263K, committed 11584K, reserved 327680K
}
Event: 44.733 GC heap before
{Heap before GC invocations=22 (full 0):
 garbage-first heap   total 275456K, used 206307K [0x00000000e0000000, 0x0000000100000000)
  region size 1024K, 70 young (71680K), 10 survivors (10240K)
 Metaspace       used 84734K, committed 85568K, reserved 458752K
  class space    used 11251K, committed 11648K, reserved 327680K
}
Event: 44.755 GC heap after
{Heap after GC invocations=23 (full 0):
 garbage-first heap   total 275456K, used 154472K [0x00000000e0000000, 0x0000000100000000)
  region size 1024K, 9 young (9216K), 9 survivors (9216K)
 Metaspace       used 84734K, committed 85568K, reserved 458752K
  class space    used 11251K, committed 11648K, reserved 327680K
}
Event: 44.902 GC heap before
{Heap before GC invocations=23 (full 0):
 garbage-first heap   total 275456K, used 157544K [0x00000000e0000000, 0x0000000100000000)
  region size 1024K, 13 young (13312K), 9 survivors (9216K)
 Metaspace       used 84743K, committed 85568K, reserved 458752K
  class space    used 11251K, committed 11648K, reserved 327680K
}
Event: 44.911 GC heap after
{Heap after GC invocations=24 (full 0):
 garbage-first heap   total 275456K, used 144203K [0x00000000e0000000, 0x0000000100000000)
  region size 1024K, 2 young (2048K), 2 survivors (2048K)
 Metaspace       used 84743K, committed 85568K, reserved 458752K
  class space    used 11251K, committed 11648K, reserved 327680K
}
Event: 45.194 GC heap before
{Heap before GC invocations=24 (full 0):
 garbage-first heap   total 275456K, used 156491K [0x00000000e0000000, 0x0000000100000000)
  region size 1024K, 15 young (15360K), 2 survivors (2048K)
 Metaspace       used 84748K, committed 85568K, reserved 458752K
  class space    used 11252K, committed 11648K, reserved 327680K
}
Event: 45.197 GC heap after
{Heap after GC invocations=25 (full 0):
 garbage-first heap   total 275456K, used 147843K [0x00000000e0000000, 0x0000000100000000)
  region size 1024K, 5 young (5120K), 5 survivors (5120K)
 Metaspace       used 84748K, committed 85568K, reserved 458752K
  class space    used 11252K, committed 11648K, reserved 327680K
}

